<?xml version="1.0" encoding="UTF-8"?>
<!-- Generated by org.testng.reporters.JUnitReportReporter -->
<testsuite hostname="IN-L2504" failures="0" tests="2" name="com.CreateUser.CreateUser" time="0.780" errors="0" timestamp="23 Feb 2021 17:53:01 GMT" skipped="0">
  <testcase classname="com.CreateUser.CreateUser" name="createUserSuccessfully" time="0.411"/>
  <testcase classname="com.CreateUser.CreateUser" name="createUserUnSuccessfully_BodyNotProvided" time="0.369"/>
</testsuite> <!-- com.CreateUser.CreateUser -->
