<?xml version="1.0" encoding="UTF-8"?>
<!-- Generated by org.testng.reporters.JUnitReportReporter -->
<testsuite hostname="IN-L2504" failures="0" tests="2" name="com.DeleteUser.DeleteUser" time="0.669" errors="0" timestamp="23 Feb 2021 16:58:47 GMT" skipped="0">
  <testcase classname="com.DeleteUser.DeleteUser" name="deleteUser1" time="0.258"/>
  <testcase classname="com.DeleteUser.DeleteUser" name="deleteUser2" time="0.411"/>
</testsuite> <!-- com.DeleteUser.DeleteUser -->
