<?xml version="1.0" encoding="UTF-8"?>
<!-- Generated by org.testng.reporters.JUnitReportReporter -->
<testsuite hostname="IN-L2504" failures="0" tests="4" name="com.Update.UpdateUser" time="1.743" errors="0" timestamp="23 Feb 2021 16:58:47 GMT" skipped="0">
  <testcase classname="com.Update.UpdateUser" name="updateUser" time="0.443"/>
  <testcase classname="com.Update.UpdateUser" name="updateUserAndValidateUdpatedTime" time="0.405"/>
  <testcase classname="com.Update.UpdateUser" name="updateUserNegativeUseCase" time="0.436"/>
  <testcase classname="com.Update.UpdateUser" name="updateOnlyJobInUserInfo" time="0.459"/>
</testsuite> <!-- com.Update.UpdateUser -->
