<?xml version="1.0" encoding="UTF-8"?>
<!-- Generated by org.testng.reporters.JUnitReportReporter -->
<testsuite hostname="IN-L2504" failures="0" tests="4" name="com.RegisterUser.RegisterUser" time="3.602" errors="0" timestamp="23 Feb 2021 16:58:47 GMT" skipped="0">
  <testcase classname="com.RegisterUser.RegisterUser" name="registerUserSuccessfully" time="1.376"/>
  <testcase classname="com.RegisterUser.RegisterUser" name="registerUserUnSuccessfully_PasswordNotProvided" time="1.351"/>
  <testcase classname="com.RegisterUser.RegisterUser" name="registerUserUnSuccessfully_EmailNotProvided" time="0.414"/>
  <testcase classname="com.RegisterUser.RegisterUser" name="registerUserUnSuccessfully_WrongBody" time="0.461"/>
</testsuite> <!-- com.RegisterUser.RegisterUser -->
