<?xml version="1.0" encoding="UTF-8"?>
<!-- Generated by org.testng.reporters.JUnitReportReporter -->
<testsuite hostname="IN-L2504" failures="0" tests="4" name="com.Update.UpdateUser" time="1.473" errors="0" timestamp="23 Feb 2021 17:53:01 GMT" skipped="0">
  <testcase classname="com.Update.UpdateUser" name="updateUser" time="0.363"/>
  <testcase classname="com.Update.UpdateUser" name="updateUserAndValidateUdpatedTime" time="0.387"/>
  <testcase classname="com.Update.UpdateUser" name="updateUserNegativeUseCase" time="0.354"/>
  <testcase classname="com.Update.UpdateUser" name="updateOnlyJobInUserInfo" time="0.369"/>
</testsuite> <!-- com.Update.UpdateUser -->
