<?xml version="1.0" encoding="UTF-8"?>
<!-- Generated by org.testng.reporters.JUnitReportReporter -->
<testsuite hostname="IN-L2504" failures="0" tests="3" name="com.ListUsers.ListUsers" time="0.635" errors="0" timestamp="23 Feb 2021 16:58:47 GMT" skipped="0">
  <testcase classname="com.ListUsers.ListUsers" name="listSingleUserInformation" time="0.494"/>
  <testcase classname="com.ListUsers.ListUsers" name="listAllUsersInformaitonPageOne" time="0.059"/>
  <testcase classname="com.ListUsers.ListUsers" name="listAllUsersInformaitonPageTwo" time="0.082"/>
</testsuite> <!-- com.ListUsers.ListUsers -->
