<?xml version="1.0" encoding="UTF-8"?>
<!-- Generated by org.testng.reporters.JUnitReportReporter -->
<testsuite hostname="IN-L2504" failures="0" tests="4" name="com.RegisterUser.RegisterUser" time="2.337" errors="0" timestamp="23 Feb 2021 17:53:01 GMT" skipped="0">
  <testcase classname="com.RegisterUser.RegisterUser" name="registerUserSuccessfully" time="1.004"/>
  <testcase classname="com.RegisterUser.RegisterUser" name="registerUserUnSuccessfully_PasswordNotProvided" time="0.754"/>
  <testcase classname="com.RegisterUser.RegisterUser" name="registerUserUnSuccessfully_EmailNotProvided" time="0.369"/>
  <testcase classname="com.RegisterUser.RegisterUser" name="registerUserUnSuccessfully_WrongBody" time="0.210"/>
</testsuite> <!-- com.RegisterUser.RegisterUser -->
